<?xml version="1.0" encoding="UTF-8"?>
<!-- Generated by org.testng.reporters.JUnitXMLReporter -->
<testsuite ignored="0" hostname="DESKTOP-DCUKDOL" failures="0" tests="5" name="Default test" time="18.027" errors="0" timestamp="2026-01-07T12:43:28 IST">
  <testcase classname="dataDrivenFrameWork.SwagLoginScript_Assertions" name="loginTest" time="1.178"/>
  <testcase classname="dataDrivenFrameWork.SwagLoginScript_Assertions" name="loginTest" time="1.086"/>
  <testcase classname="dataDrivenFrameWork.SwagLoginScript_Assertions" name="loginTest" time="0.598"/>
  <testcase classname="dataDrivenFrameWork.SwagLoginScript_Assertions" name="loginTest" time="1.024"/>
  <testcase classname="dataDrivenFrameWork.SwagLoginScript_Assertions" name="loginTest" time="0.933"/>
</testsuite> <!-- Default test -->
