<?xml version="1.0" encoding="UTF-8"?>
<testng-results ignored="0" total="2" passed="2" failed="0" skipped="0">
  <reporter-output>
  </reporter-output>
  <suite started-at="2026-01-03T11:39:23 IST" name="Default suite" finished-at="2026-01-03T11:39:42 IST" duration-ms="18744">
    <groups>
    </groups>
    <test started-at="2026-01-03T11:39:23 IST" name="Default test" finished-at="2026-01-03T11:39:42 IST" duration-ms="18744">
      <class name="TestNG.TestNG_Annotations">
        <test-method is-config="true" signature="BrowserLaunch()[pri:0, instance:TestNG.TestNG_Annotations@72057ecf]" started-at="2026-01-03T11:39:23 IST" name="BrowserLaunch" finished-at="2026-01-03T11:39:27 IST" duration-ms="4440" status="PASS">
          <reporter-output>
          </reporter-output>
        </test-method> <!-- BrowserLaunch -->
        <test-method signature="SwagLoginVIV()[pri:1, instance:TestNG.TestNG_Annotations@72057ecf]" started-at="2026-01-03T11:39:27 IST" name="SwagLoginVIV" finished-at="2026-01-03T11:39:31 IST" duration-ms="3794" status="PASS">
          <reporter-output>
          </reporter-output>
        </test-method> <!-- SwagLoginVIV -->
        <test-method is-config="true" signature="BrowserLaunch()[pri:0, instance:TestNG.TestNG_Annotations@72057ecf]" started-at="2026-01-03T11:39:31 IST" name="BrowserLaunch" finished-at="2026-01-03T11:39:35 IST" duration-ms="3770" status="PASS">
          <reporter-output>
          </reporter-output>
        </test-method> <!-- BrowserLaunch -->
        <test-method signature="SwagLoginIVV()[pri:2, instance:TestNG.TestNG_Annotations@72057ecf]" started-at="2026-01-03T11:39:35 IST" name="SwagLoginIVV" finished-at="2026-01-03T11:39:42 IST" duration-ms="6670" status="PASS">
          <reporter-output>
          </reporter-output>
        </test-method> <!-- SwagLoginIVV -->
        <test-method is-config="true" signature="BrowserClose()[pri:0, instance:TestNG.TestNG_Annotations@72057ecf]" started-at="2026-01-03T11:39:42 IST" name="BrowserClose" finished-at="2026-01-03T11:39:42 IST" duration-ms="222" status="PASS">
          <reporter-output>
          </reporter-output>
        </test-method> <!-- BrowserClose -->
      </class> <!-- TestNG.TestNG_Annotations -->
    </test> <!-- Default test -->
  </suite> <!-- Default suite -->
</testng-results>
