<?xml version="1.0" encoding="UTF-8"?>
<testng-results ignored="0" total="3" passed="3" failed="0" skipped="0">
  <reporter-output>
  </reporter-output>
  <suite started-at="2026-01-08T11:56:02 IST" name="Default suite" finished-at="2026-01-08T11:56:07 IST" duration-ms="4887">
    <groups>
    </groups>
    <test started-at="2026-01-08T11:56:02 IST" name="Default test" finished-at="2026-01-08T11:56:07 IST" duration-ms="4887">
      <class name="waits.ExplicitWaits">
        <test-method signature="BrowserLaunch()[pri:1, instance:waits.ExplicitWaits@15ff3e9e]" started-at="2026-01-08T11:56:02 IST" name="BrowserLaunch" finished-at="2026-01-08T11:56:05 IST" duration-ms="2812" status="PASS">
          <reporter-output>
          </reporter-output>
        </test-method> <!-- BrowserLaunch -->
        <test-method signature="SwagLoginIVIV()[pri:2, instance:waits.ExplicitWaits@15ff3e9e]" started-at="2026-01-08T11:56:05 IST" name="SwagLoginIVIV" finished-at="2026-01-08T11:56:07 IST" duration-ms="1826" status="PASS">
          <reporter-output>
          </reporter-output>
        </test-method> <!-- SwagLoginIVIV -->
        <test-method signature="BrowserClose()[pri:3, instance:waits.ExplicitWaits@15ff3e9e]" started-at="2026-01-08T11:56:07 IST" name="BrowserClose" finished-at="2026-01-08T11:56:07 IST" duration-ms="167" status="PASS">
          <reporter-output>
          </reporter-output>
        </test-method> <!-- BrowserClose -->
      </class> <!-- waits.ExplicitWaits -->
    </test> <!-- Default test -->
  </suite> <!-- Default suite -->
</testng-results>
