<?xml version="1.0" encoding="UTF-8"?>
<!-- Generated by org.testng.reporters.JUnitReportReporter -->
<testsuite hostname="DESKTOP-DCUKDOL" failures="0" tests="4" name="TestNG.SampleTestNG_Script" time="0.017" errors="0" timestamp="2026-01-03T10:54:14 IST" skipped="1">
  <testcase classname="TestNG.SampleTestNG_Script" name="India" time="0.003"/>
  <testcase classname="TestNG.SampleTestNG_Script" name="India" time="0.003"/>
  <testcase classname="TestNG.SampleTestNG_Script" name="India" time="0.011"/>
  <testcase classname="TestNG.SampleTestNG_Script" name="Hyderabad">
    <skipped/>
  </testcase> <!-- Hyderabad -->
</testsuite> <!-- TestNG.SampleTestNG_Script -->
